<?xml version="1.0" encoding="UTF-8"?>
<testsuite name="co.com.endava.kayak.runners.Kayak" tests="0" skipped="0" failures="0" errors="0" timestamp="1970-01-01T00:00:00" hostname="LAPTOP-J21M936P" time="0.0">
  <properties/>
  <system-out><![CDATA[
Failed scenarios:
src/test/resources/features/kayak.feature:8 # Search to flights in Kayak

1 Scenarios (1 failed)
3 Steps (1 failed, 2 skipped)
0m1.871s

org.openqa.selenium.WebDriverException: unknown error: Chrome failed to start: was killed.
  (unknown error: DevToolsActivePort file doesn't exist)
  (The process started from chrome location C:\Users\danie\IdeaProjects\KayakAutomation\chromedriver.exe is no longer running, so ChromeDriver is assuming that Chrome has crashed.)
Build info: version: '3.141.59', revision: 'e82be7d358', time: '2018-11-14T08:17:03'
System info: host: 'LAPTOP-J21M936P', ip: '192.168.31.119', os.name: 'Windows 10', os.arch: 'amd64', os.version: '10.0', java.version: '1.8.0_281'
Driver info: driver.version: ChromeDriver
remote stacktrace: Backtrace:
	GetHandleVerifier [0x0103B963+483]
	GetHandleVerifier [0x0103B941+449]
	GetHandleVerifier [0x013E3308+3832712]
	GetHandleVerifier [0x013F9FA6+3926054]
	GetHandleVerifier [0x013F7D9C+3917340]
	GetHandleVerifier [0x0141E7FE+4075646]
	GetHandleVerifier [0x0141E56C+4074988]
	GetHandleVerifier [0x0141B2EB+4062059]
	GetHandleVerifier [0x013FED14+3945876]
	GetHandleVerifier [0x013FFBCE+3949646]
	GetHandleVerifier [0x013FFB59+3949529]
	Ordinal0 [0x00FFB5CC+46540]
	Ordinal0 [0x00FF9F53+40787]
	Ordinal0 [0x00FF9B12+39698]
	GetHandleVerifier [0x01301468+2907368]
	GetHandleVerifier [0x011471EE+1096302]
	GetHandleVerifier [0x01103E8D+821005]
	GetHandleVerifier [0x0110396B+819691]
	GetHandleVerifier [0x01103881+819457]
	GetHandleVerifier [0x0112F463+998627]
	BaseThreadInitThunk [0x76186359+25]
	RtlGetAppContainerNamedObjectPath [0x77378944+228]
	RtlGetAppContainerNamedObjectPath [0x77378914+180]

	at sun.reflect.NativeConstructorAccessorImpl.newInstance0(Native Method)
	at sun.reflect.NativeConstructorAccessorImpl.newInstance(NativeConstructorAccessorImpl.java:62)
	at sun.reflect.DelegatingConstructorAccessorImpl.newInstance(DelegatingConstructorAccessorImpl.java:45)
	at java.lang.reflect.Constructor.newInstance(Constructor.java:423)
	at org.openqa.selenium.remote.W3CHandshakeResponse.lambda$errorHandler$0(W3CHandshakeResponse.java:62)
	at org.openqa.selenium.remote.HandshakeResponse.lambda$getResponseFunction$0(HandshakeResponse.java:30)
	at org.openqa.selenium.remote.ProtocolHandshake.lambda$createSession$0(ProtocolHandshake.java:126)
	at java.util.stream.ReferencePipeline$3$1.accept(ReferencePipeline.java:193)
	at java.util.Spliterators$ArraySpliterator.tryAdvance(Spliterators.java:958)
	at java.util.stream.ReferencePipeline.forEachWithCancel(ReferencePipeline.java:126)
	at java.util.stream.AbstractPipeline.copyIntoWithCancel(AbstractPipeline.java:499)
	at java.util.stream.AbstractPipeline.copyInto(AbstractPipeline.java:486)
	at java.util.stream.AbstractPipeline.wrapAndCopyInto(AbstractPipeline.java:472)
	at java.util.stream.FindOps$FindOp.evaluateSequential(FindOps.java:152)
	at java.util.stream.AbstractPipeline.evaluate(AbstractPipeline.java:234)
	at java.util.stream.ReferencePipeline.findFirst(ReferencePipeline.java:464)
	at org.openqa.selenium.remote.ProtocolHandshake.createSession(ProtocolHandshake.java:128)
	at org.openqa.selenium.remote.ProtocolHandshake.createSession(ProtocolHandshake.java:74)
	at org.openqa.selenium.remote.HttpCommandExecutor.execute(HttpCommandExecutor.java:136)
	at org.openqa.selenium.remote.service.DriverCommandExecutor.execute(DriverCommandExecutor.java:83)
	at org.openqa.selenium.remote.RemoteWebDriver.execute(RemoteWebDriver.java:552)
	at org.openqa.selenium.remote.RemoteWebDriver.startSession(RemoteWebDriver.java:213)
	at org.openqa.selenium.remote.RemoteWebDriver.<init>(RemoteWebDriver.java:131)
	at org.openqa.selenium.chrome.ChromeDriver.<init>(ChromeDriver.java:181)
	at org.openqa.selenium.chrome.ChromeDriver.<init>(ChromeDriver.java:168)
	at org.openqa.selenium.chrome.ChromeDriver.<init>(ChromeDriver.java:157)
	at co.com.endava.kayak.stepdefinitions.KayakStepDefinition.thatIAmInTheKayakHomePage(KayakStepDefinition.java:33)
	at ?.that I am in the Kayak home page(src/test/resources/features/kayak.feature:5)

]]></system-out>
  <system-err><![CDATA[[Test worker] INFO net.thucydides.core.steps.ConsoleLoggingListener - 

-------------------------------------------------------------------------------------
     _______. _______ .______       _______ .__   __.  __  .___________.____    ____ 
    /       ||   ____||   _  \     |   ____||  \ |  | |  | |           |\   \  /   / 
   |   (----`|  |__   |  |_)  |    |  |__   |   \|  | |  | `---|  |----` \   \/   /  
    \   \    |   __|  |      /     |   __|  |  . `  | |  |     |  |       \_    _/   
.----)   |   |  |____ |  |\  \----.|  |____ |  |\   | |  |     |  |         |  |     
|_______/    |_______|| _| `._____||_______||__| \__| |__|     |__|         |__|    
                                                                                     
 News and tutorials at http://www.serenity-bdd.info                                  
 Documentation at https://wakaleo.gitbooks.io/the-serenity-book/content/             
 Join the Serenity Community on Rocket Chat at https://serenity-bdd.rocket.chat      
 Serenity BDD Support and Training at http://serenity-bdd.info/#/trainingandsupport  
 Learn Serenity BDD online at http://serenity-dojo.com                               
-------------------------------------------------------------------------------------

[Test worker] INFO net.thucydides.core.steps.ConsoleLoggingListener - Test Suite Started: As a Kayak's client I want to flight from Medellin to San Francisco
[Test worker] INFO net.thucydides.core.steps.ConsoleLoggingListener - 
 _____ _____ ____ _____   ____ _____  _    ____ _____ _____ ____  
|_   _| ____/ ___|_   _| / ___|_   _|/ \  |  _ \_   _| ____|  _ \ 
  | | |  _| \___ \ | |   \___ \ | | / _ \ | |_) || | |  _| | | | |
  | | | |___ ___) || |    ___) || |/ ___ \|  _ < | | | |___| |_| |
  |_| |_____|____/ |_|   |____/ |_/_/   \_\_| \_\|_| |_____|____/ 
                                                                  

TEST STARTED: Search to flights in Kayak
-------------------------------------------------------------------(as-a-kayak-s-client-i-want-to-flight-from-medellin-to-san-francisco;search-to-flights-in-kayak)
]]></system-err>
</testsuite>
